\BOOKMARK [1][-]{section.1}{\376\377\000I\000n\000t\000r\000o\000d\000u\000c\000t\000i\000o\000n}{}% 1
\BOOKMARK [2][-]{subsection.1.1}{\376\377\000P\000r\000o\000b\000l\000e\000m\000\040\000S\000t\000a\000t\000e\000m\000e\000n\000t}{section.1}% 2
\BOOKMARK [3][-]{subsubsection.1.1.1}{\376\377\000S\000o\000f\000t\000w\000a\000r\000e\000\040\000T\000e\000s\000t\000i\000n\000g\000\040\000P\000e\000r\000s\000p\000e\000c\000t\000i\000v\000e}{subsection.1.1}% 3
\BOOKMARK [3][-]{subsubsection.1.1.2}{\376\377\000M\000a\000t\000h\000e\000m\000a\000t\000i\000c\000a\000l\000\040\000S\000e\000t\000u\000p}{subsection.1.1}% 4
\BOOKMARK [2][-]{subsection.1.2}{\376\377\000C\000o\000m\000p\000a\000r\000i\000s\000o\000n\000\040\000t\000o\000\040\000O\000t\000h\000e\000r\000\040\000M\000e\000t\000h\000o\000d\000s}{section.1}% 5
\BOOKMARK [3][-]{subsubsection.1.2.1}{\376\377\000C\000o\000m\000m\000o\000n\000\040\000A\000p\000p\000r\000o\000a\000c\000h\000e\000s\000\040\000i\000n\000\040\000I\000n\000d\000u\000s\000t\000r\000y}{subsection.1.2}% 6
\BOOKMARK [3][-]{subsubsection.1.2.2}{\376\377\000S\000P\000R\000T\000\040\000\050\000S\000e\000q\000u\000e\000n\000t\000i\000a\000l\000\040\000P\000r\000o\000b\000a\000b\000i\000l\000i\000t\000y\000\040\000R\000a\000t\000i\000o\000\040\000T\000e\000s\000t\000\051}{subsection.1.2}% 7
\BOOKMARK [3][-]{subsubsection.1.2.3}{\376\377\000R\000e\000c\000e\000n\000t\000\040\000L\000i\000t\000e\000r\000a\000t\000u\000r\000e}{subsection.1.2}% 8
\BOOKMARK [1][-]{section.2}{\376\377\000P\000r\000o\000p\000o\000s\000e\000d\000\040\000S\000o\000l\000u\000t\000i\000o\000n}{}% 9
\BOOKMARK [2][-]{subsection.2.1}{\376\377\000O\000v\000e\000r\000v\000i\000e\000w}{section.2}% 10
\BOOKMARK [2][-]{subsection.2.2}{\376\377\000A\000l\000g\000o\000r\000i\000t\000h\000m\000\040\000D\000e\000t\000a\000i\000l\000s}{section.2}% 11
\BOOKMARK [3][-]{subsubsection.2.2.1}{\376\377\000E\000s\000t\000i\000m\000a\000t\000i\000o\000n\000\040\000P\000h\000a\000s\000e}{subsection.2.2}% 12
\BOOKMARK [3][-]{subsubsection.2.2.2}{\376\377\000I\000t\000e\000r\000a\000t\000i\000v\000e\000\040\000T\000e\000s\000t\000i\000n\000g\000\040\000P\000h\000a\000s\000e}{subsection.2.2}% 13
\BOOKMARK [3][-]{subsubsection.2.2.3}{\376\377\000O\000u\000t\000p\000u\000t\000\040\000P\000h\000a\000s\000e}{subsection.2.2}% 14
\BOOKMARK [2][-]{subsection.2.3}{\376\377\000L\000i\000m\000i\000t\000a\000t\000i\000o\000n\000s}{section.2}% 15
\BOOKMARK [2][-]{subsection.2.4}{\376\377\000D\000e\000r\000i\000v\000a\000t\000i\000o\000n\000s}{section.2}% 16
\BOOKMARK [3][-]{subsubsection.2.4.1}{\376\377\000T\000h\000e\000\040\000D\000a\000m\000p\000i\000n\000g\000\040\000C\000o\000n\000s\000t\000a\000n\000t\000\040\000-\000\040\000C}{subsection.2.4}% 17
\BOOKMARK [3][-]{subsubsection.2.4.2}{\376\377\000P\000r\000i\000o\000r\000\040\000S\000t\000r\000e\000n\000g\000t\000h\000\040\000-\000\040\000p\000s}{subsection.2.4}% 18
\BOOKMARK [1][-]{section.3}{\376\377\000M\000e\000t\000h\000o\000d\000o\000l\000o\000g\000y}{}% 19
\BOOKMARK [2][-]{subsection.3.1}{\376\377\000E\000x\000p\000e\000r\000i\000m\000e\000n\000t\000\040\0001\000:\000\040\000C\000o\000n\000s\000e\000r\000v\000a\000t\000i\000v\000e\000\040\000E\000s\000t\000i\000m\000a\000t\000e\000\040\000o\000f\000\040\000p\000\137\000f\000a\000i\000l\000\040\000v\000s\000\040\000S\000i\000m\000u\000l\000a\000t\000e\000d\000\040\000T\000r\000u\000e\000\040\000p\000\137\000f\000a\000i\000l}{section.3}% 20
\BOOKMARK [3][-]{subsubsection.3.1.1}{\376\377\000S\000e\000t\000u\000p\000.}{subsection.3.1}% 21
\BOOKMARK [3][-]{subsubsection.3.1.2}{\376\377\000D\000e\000f\000i\000n\000i\000t\000i\000o\000n\000\040\000o\000f\000\040\000M\000e\000t\000r\000i\000c\000s\000.}{subsection.3.1}% 22
\BOOKMARK [3][-]{subsubsection.3.1.3}{\376\377\000H\000y\000p\000o\000t\000h\000e\000s\000i\000s\000.}{subsection.3.1}% 23
\BOOKMARK [3][-]{subsubsection.3.1.4}{\376\377\000R\000e\000s\000u\000l\000t\000s\000.}{subsection.3.1}% 24
\BOOKMARK [3][-]{subsubsection.3.1.5}{\376\377\000A\000n\000a\000l\000y\000s\000i\000s\000\040\000/\000\040\000I\000n\000t\000e\000r\000p\000r\000e\000t\000a\000t\000i\000o\000n\000.}{subsection.3.1}% 25
\BOOKMARK [3][-]{subsubsection.3.1.6}{\376\377\000S\000u\000m\000m\000a\000r\000y\000\040\000/\000\040\000R\000e\000c\000o\000m\000m\000e\000n\000d\000a\000t\000i\000o\000n\000.}{subsection.3.1}% 26
\BOOKMARK [2][-]{subsection.3.2}{\376\377\000E\000x\000p\000e\000r\000i\000m\000e\000n\000t\000\040\0002\000:\000\040\000P\000r\000e\000d\000i\000c\000t\000e\000d\000\040\000k\000\040\000t\000o\000\040\000O\000b\000s\000e\000r\000v\000e\000d\000\040\000k\000\040\000t\000o\000\040\000F\000a\000i\000l\000u\000r\000e}{section.3}% 27
\BOOKMARK [3][-]{subsubsection.3.2.1}{\376\377\000S\000e\000t\000u\000p\000.}{subsection.3.2}% 28
\BOOKMARK [3][-]{subsubsection.3.2.2}{\376\377\000D\000e\000f\000i\000n\000i\000t\000i\000o\000n\000\040\000o\000f\000\040\000M\000e\000t\000r\000i\000c\000s\000.}{subsection.3.2}% 29
\BOOKMARK [3][-]{subsubsection.3.2.3}{\376\377\000H\000y\000p\000o\000t\000h\000e\000s\000i\000s\000.}{subsection.3.2}% 30
\BOOKMARK [3][-]{subsubsection.3.2.4}{\376\377\000R\000e\000s\000u\000l\000t\000s\000.}{subsection.3.2}% 31
\BOOKMARK [3][-]{subsubsection.3.2.5}{\376\377\000A\000n\000a\000l\000y\000s\000i\000s\000\040\000/\000\040\000I\000n\000t\000e\000r\000p\000r\000e\000t\000a\000t\000i\000o\000n\000.}{subsection.3.2}% 32
\BOOKMARK [3][-]{subsubsection.3.2.6}{\376\377\000S\000u\000m\000m\000a\000r\000y\000\040\000/\000\040\000R\000e\000c\000o\000m\000m\000e\000n\000d\000a\000t\000i\000o\000n\000.}{subsection.3.2}% 33
\BOOKMARK [2][-]{subsection.3.3}{\376\377\000E\000x\000p\000e\000r\000i\000m\000e\000n\000t\000\040\0003\000:\000\040\000C\000o\000n\000f\000i\000d\000e\000n\000c\000e\000\040\000I\000n\000t\000e\000r\000v\000a\000l\000\040\000o\000n\000\040\000p\000\137\000f\000a\000i\000l\000\040\000E\000s\000t\000i\000m\000a\000t\000e\000s}{section.3}% 34
\BOOKMARK [3][-]{subsubsection.3.3.1}{\376\377\000S\000e\000t\000u\000p\000.}{subsection.3.3}% 35
\BOOKMARK [3][-]{subsubsection.3.3.2}{\376\377\000D\000e\000f\000i\000n\000i\000t\000i\000o\000n\000\040\000o\000f\000\040\000M\000e\000t\000r\000i\000c\000s\000.}{subsection.3.3}% 36
\BOOKMARK [3][-]{subsubsection.3.3.3}{\376\377\000H\000y\000p\000o\000t\000h\000e\000s\000i\000s\000.}{subsection.3.3}% 37
\BOOKMARK [3][-]{subsubsection.3.3.4}{\376\377\000R\000e\000s\000u\000l\000t\000s\000.}{subsection.3.3}% 38
\BOOKMARK [3][-]{subsubsection.3.3.5}{\376\377\000A\000n\000a\000l\000y\000s\000i\000s\000\040\000/\000\040\000I\000n\000t\000e\000r\000p\000r\000e\000t\000a\000t\000i\000o\000n\000.}{subsection.3.3}% 39
\BOOKMARK [3][-]{subsubsection.3.3.6}{\376\377\000S\000u\000m\000m\000a\000r\000y\000\040\000/\000\040\000R\000e\000c\000o\000m\000m\000e\000n\000d\000a\000t\000i\000o\000n\000.}{subsection.3.3}% 40
\BOOKMARK [2][-]{subsection.3.4}{\376\377\000E\000x\000p\000e\000r\000i\000m\000e\000n\000t\000\040\0004\000:\000\040\000D\000a\000m\000p\000i\000n\000g\000\040\000C\000o\000n\000s\000t\000a\000n\000t\000\040\000E\000f\000f\000e\000c\000t\000\040\000o\000n\000\040\000k\000\040\000f\000l\000o\000o\000r}{section.3}% 41
\BOOKMARK [3][-]{subsubsection.3.4.1}{\376\377\000S\000e\000t\000u\000p\000.}{subsection.3.4}% 42
\BOOKMARK [3][-]{subsubsection.3.4.2}{\376\377\000D\000e\000f\000i\000n\000i\000t\000i\000o\000n\000\040\000o\000f\000\040\000M\000e\000t\000r\000i\000c\000s\000.}{subsection.3.4}% 43
\BOOKMARK [3][-]{subsubsection.3.4.3}{\376\377\000H\000y\000p\000o\000t\000h\000e\000s\000i\000s\000.}{subsection.3.4}% 44
\BOOKMARK [3][-]{subsubsection.3.4.4}{\376\377\000R\000e\000s\000u\000l\000t\000s\000.}{subsection.3.4}% 45
\BOOKMARK [3][-]{subsubsection.3.4.5}{\376\377\000A\000n\000a\000l\000y\000s\000i\000s\000\040\000/\000\040\000I\000n\000t\000e\000r\000p\000r\000e\000t\000a\000t\000i\000o\000n\000.}{subsection.3.4}% 46
\BOOKMARK [3][-]{subsubsection.3.4.6}{\376\377\000S\000u\000m\000m\000a\000r\000y\000\040\000/\000\040\000R\000e\000c\000o\000m\000m\000e\000n\000d\000a\000t\000i\000o\000n\000.}{subsection.3.4}% 47
\BOOKMARK [2][-]{subsection.3.5}{\376\377\000E\000x\000p\000e\000r\000i\000m\000e\000n\000t\000\040\0005\000:\000\040\000B\000i\000a\000s\000\040\000v\000s\000\040\000p\000\137\000f\000a\000i\000l\000\040\000a\000n\000d\000\040\000r\000a\000t\000i\000o\000\137\000p\000a\000s\000s}{section.3}% 48
\BOOKMARK [3][-]{subsubsection.3.5.1}{\376\377\000S\000e\000t\000u\000p\000.}{subsection.3.5}% 49
\BOOKMARK [3][-]{subsubsection.3.5.2}{\376\377\000D\000e\000f\000i\000n\000i\000t\000i\000o\000n\000\040\000o\000f\000\040\000M\000e\000t\000r\000i\000c\000s\000.}{subsection.3.5}% 50
\BOOKMARK [3][-]{subsubsection.3.5.3}{\376\377\000H\000y\000p\000o\000t\000h\000e\000s\000i\000s\000.}{subsection.3.5}% 51
\BOOKMARK [3][-]{subsubsection.3.5.4}{\376\377\000R\000e\000s\000u\000l\000t\000s\000.}{subsection.3.5}% 52
\BOOKMARK [3][-]{subsubsection.3.5.5}{\376\377\000A\000n\000a\000l\000y\000s\000i\000s\000\040\000/\000\040\000I\000n\000t\000e\000r\000p\000r\000e\000t\000a\000t\000i\000o\000n\000.}{subsection.3.5}% 53
\BOOKMARK [3][-]{subsubsection.3.5.6}{\376\377\000S\000u\000m\000m\000a\000r\000y\000\040\000/\000\040\000R\000e\000c\000o\000m\000m\000e\000n\000d\000a\000t\000i\000o\000n\000.}{subsection.3.5}% 54
\BOOKMARK [2][-]{subsection.3.6}{\376\377\000E\000x\000p\000e\000r\000i\000m\000e\000n\000t\000\040\0006\000:\000\040\000P\000r\000i\000o\000r\000\040\000S\000t\000r\000e\000n\000g\000t\000h\000\040\000v\000s\000\040\000B\000i\000a\000s\000\040\000a\000n\000d\000\040\000C\000o\000m\000p\000u\000t\000e}{section.3}% 55
\BOOKMARK [3][-]{subsubsection.3.6.1}{\376\377\000S\000e\000t\000u\000p\000.}{subsection.3.6}% 56
\BOOKMARK [3][-]{subsubsection.3.6.2}{\376\377\000D\000e\000f\000i\000n\000i\000t\000i\000o\000n\000\040\000o\000f\000\040\000M\000e\000t\000r\000i\000c\000s\000.}{subsection.3.6}% 57
\BOOKMARK [3][-]{subsubsection.3.6.3}{\376\377\000H\000y\000p\000o\000t\000h\000e\000s\000i\000s\000.}{subsection.3.6}% 58
\BOOKMARK [3][-]{subsubsection.3.6.4}{\376\377\000R\000e\000s\000u\000l\000t\000s\000.}{subsection.3.6}% 59
\BOOKMARK [3][-]{subsubsection.3.6.5}{\376\377\000A\000n\000a\000l\000y\000s\000i\000s\000\040\000/\000\040\000I\000n\000t\000e\000r\000p\000r\000e\000t\000a\000t\000i\000o\000n\000.}{subsection.3.6}% 60
\BOOKMARK [3][-]{subsubsection.3.6.6}{\376\377\000S\000u\000m\000m\000a\000r\000y\000\040\000/\000\040\000R\000e\000c\000o\000m\000m\000e\000n\000d\000a\000t\000i\000o\000n\000.}{subsection.3.6}% 61
\BOOKMARK [2][-]{subsection.3.7}{\376\377\000E\000x\000p\000e\000r\000i\000m\000e\000n\000t\000\040\0007\000:\000\040\000P\000r\000i\000o\000r\000\040\000S\000t\000r\000e\000n\000g\000t\000h\000\040\000D\000e\000r\000i\000v\000a\000t\000i\000o\000n}{section.3}% 62
\BOOKMARK [3][-]{subsubsection.3.7.1}{\376\377\000S\000e\000t\000u\000p\000.}{subsection.3.7}% 63
\BOOKMARK [3][-]{subsubsection.3.7.2}{\376\377\000D\000e\000f\000i\000n\000i\000t\000i\000o\000n\000\040\000o\000f\000\040\000M\000e\000t\000r\000i\000c\000s\000.}{subsection.3.7}% 64
\BOOKMARK [3][-]{subsubsection.3.7.3}{\376\377\000H\000y\000p\000o\000t\000h\000e\000s\000i\000s\000.}{subsection.3.7}% 65
\BOOKMARK [3][-]{subsubsection.3.7.4}{\376\377\000R\000e\000s\000u\000l\000t\000s\000.}{subsection.3.7}% 66
\BOOKMARK [3][-]{subsubsection.3.7.5}{\376\377\000A\000n\000a\000l\000y\000s\000i\000s\000\040\000/\000\040\000I\000n\000t\000e\000r\000p\000r\000e\000t\000a\000t\000i\000o\000n\000.}{subsection.3.7}% 67
\BOOKMARK [3][-]{subsubsection.3.7.6}{\376\377\000S\000u\000m\000m\000a\000r\000y\000\040\000/\000\040\000R\000e\000c\000o\000m\000m\000e\000n\000d\000a\000t\000i\000o\000n\000.}{subsection.3.7}% 68
\BOOKMARK [2][-]{subsection.3.8}{\376\377\000E\000x\000p\000e\000r\000i\000m\000e\000n\000t\000\040\0008\000:\000\040\000Q\000u\000a\000l\000i\000t\000y\000\040\000o\000f\000\040\000t\000h\000e\000\040\000F\000i\000n\000a\000l\000\040\000E\000r\000r\000o\000r\000\040\000R\000a\000t\000e\000\040\000E\000s\000t\000i\000m\000a\000t\000e}{section.3}% 69
\BOOKMARK [3][-]{subsubsection.3.8.1}{\376\377\000S\000e\000t\000u\000p\000.}{subsection.3.8}% 70
\BOOKMARK [3][-]{subsubsection.3.8.2}{\376\377\000D\000e\000f\000i\000n\000i\000t\000i\000o\000n\000\040\000o\000f\000\040\000M\000e\000t\000r\000i\000c\000s\000.}{subsection.3.8}% 71
\BOOKMARK [3][-]{subsubsection.3.8.3}{\376\377\000H\000y\000p\000o\000t\000h\000e\000s\000i\000s\000.}{subsection.3.8}% 72
\BOOKMARK [3][-]{subsubsection.3.8.4}{\376\377\000R\000e\000s\000u\000l\000t\000s\000.}{subsection.3.8}% 73
\BOOKMARK [3][-]{subsubsection.3.8.5}{\376\377\000A\000n\000a\000l\000y\000s\000i\000s\000\040\000/\000\040\000I\000n\000t\000e\000r\000p\000r\000e\000t\000a\000t\000i\000o\000n\000.}{subsection.3.8}% 74
\BOOKMARK [3][-]{subsubsection.3.8.6}{\376\377\000S\000u\000m\000m\000a\000r\000y\000\040\000/\000\040\000R\000e\000c\000o\000m\000m\000e\000n\000d\000a\000t\000i\000o\000n\000.}{subsection.3.8}% 75
\BOOKMARK [1][-]{section.4}{\376\377\000R\000e\000s\000u\000l\000t\000s}{}% 76
\BOOKMARK [1][-]{section.5}{\376\377\000D\000i\000s\000c\000u\000s\000s\000i\000o\000n}{}% 77
\BOOKMARK [2][-]{subsection.5.1}{\376\377\000F\000u\000t\000u\000r\000e\000\040\000W\000o\000r\000k}{section.5}% 78
\BOOKMARK [2][-]{subsection.5.2}{\376\377\000E\000x\000a\000m\000p\000l\000e\000\040\000A\000p\000p\000l\000i\000c\000a\000t\000i\000o\000n\000s}{section.5}% 79
\BOOKMARK [3][-]{subsubsection.5.2.1}{\376\377\000D\000o\000c\000u\000m\000e\000n\000t\000e\000d\000\040\000P\000r\000o\000p\000e\000r\000t\000y\000\040\000T\000e\000s\000t\000i\000n\000g}{subsection.5.2}% 80
\BOOKMARK [3][-]{subsubsection.5.2.2}{\376\377\000P\000e\000r\000f\000o\000r\000m\000a\000n\000c\000e\000\040\000R\000e\000g\000r\000e\000s\000s\000i\000o\000n\000\040\000T\000e\000s\000t\000i\000n\000g}{subsection.5.2}% 81
\BOOKMARK [3][-]{subsubsection.5.2.3}{\376\377\000R\000o\000b\000u\000s\000t\000n\000e\000s\000s\000\040\000T\000e\000s\000t\000i\000n\000g}{subsection.5.2}% 82
\BOOKMARK [1][-]{section.6}{\376\377\000C\000o\000n\000c\000l\000u\000s\000i\000o\000n}{}% 83
